{
"contracts\\Loan.sol":{"l":{"42":0,"43":0,"47":0,"48":0,"52":12,"53":12,"57":12,"58":12,"68":62,"69":62,"70":62,"71":62,"72":62,"74":62,"91":29,"92":28,"93":27,"95":26,"96":26,"97":26,"100":26,"101":26,"105":26,"112":12,"113":11,"115":10,"116":10,"118":9,"121":9,"122":9,"125":9,"126":1,"127":1,"130":9,"137":6,"138":5,"139":4,"141":3,"143":3,"150":2,"152":1,"153":1,"161":19,"168":8,"175":2,"183":2,"190":1},"path":"C:\\arnav\\projects\\MDM\\contracts\\Loan.sol","s":{"1":0,"2":0,"3":12,"4":12,"5":62,"6":62,"7":62,"8":62,"9":62,"10":29,"11":28,"12":27,"13":26,"14":26,"15":26,"16":12,"17":11,"18":10,"19":10,"20":9,"21":9,"22":9,"23":1,"24":1,"25":9,"26":6,"27":5,"28":4,"29":3,"30":2,"31":1,"32":19,"33":8,"34":2,"35":2,"36":1},"b":{"1":[0,0],"2":[0,0],"3":[12,0],"4":[12,0],"5":[62,0],"6":[62,0],"7":[62,0],"8":[62,0],"9":[62,0],"10":[30,0],"11":[29,1],"12":[28,1],"13":[27,1],"14":[26,1],"15":[26,0],"16":[12,0],"17":[12,0],"18":[12,0],"19":[12,0],"20":[11,1],"21":[10,1],"22":[9,1],"23":[9,0],"24":[1,8],"25":[1,0],"26":[6,0],"27":[6,0],"28":[5,1],"29":[4,1],"30":[3,1],"31":[1,1],"32":[2,1],"33":[1,0]},"f":{"1":0,"2":0,"3":12,"4":12,"5":62,"6":29,"7":12,"8":6,"9":2,"10":19,"11":8,"12":2,"13":2,"14":1},"fnMap":{"1":{"name":"onlyBorrower","line":41,"loc":{"start":{"line":41,"column":4},"end":{"line":44,"column":4}}},"2":{"name":"onlyLender","line":46,"loc":{"start":{"line":46,"column":4},"end":{"line":49,"column":4}}},"3":{"name":"loanActive","line":51,"loc":{"start":{"line":51,"column":4},"end":{"line":54,"column":4}}},"4":{"name":"loanNotRepaid","line":56,"loc":{"start":{"line":56,"column":4},"end":{"line":59,"column":4}}},"5":{"name":"constructor","line":67,"loc":{"start":{"line":61,"column":4},"end":{"line":85,"column":4}}},"6":{"name":"fundLoan","line":90,"loc":{"start":{"line":90,"column":4},"end":{"line":106,"column":4}}},"7":{"name":"repayLoan","line":111,"loc":{"start":{"line":111,"column":4},"end":{"line":131,"column":4}}},"8":{"name":"liquidateLoan","line":136,"loc":{"start":{"line":136,"column":4},"end":{"line":144,"column":4}}},"9":{"name":"checkDefault","line":149,"loc":{"start":{"line":149,"column":4},"end":{"line":155,"column":4}}},"10":{"name":"getLoanDetails","line":160,"loc":{"start":{"line":160,"column":4},"end":{"line":162,"column":4}}},"11":{"name":"getLoanState","line":167,"loc":{"start":{"line":167,"column":4},"end":{"line":169,"column":4}}},"12":{"name":"isOverdue","line":174,"loc":{"start":{"line":174,"column":4},"end":{"line":177,"column":4}}},"13":{"name":"pause","line":182,"loc":{"start":{"line":182,"column":4},"end":{"line":184,"column":4}}},"14":{"name":"unpause","line":189,"loc":{"start":{"line":189,"column":4},"end":{"line":191,"column":4}}}},"statementMap":{"1":{"start":{"line":42,"column":8},"end":{"line":42,"column":90}},"2":{"start":{"line":47,"column":8},"end":{"line":47,"column":86}},"3":{"start":{"line":52,"column":8},"end":{"line":52,"column":75}},"4":{"start":{"line":57,"column":8},"end":{"line":57,"column":76}},"5":{"start":{"line":68,"column":8},"end":{"line":68,"column":67}},"6":{"start":{"line":69,"column":8},"end":{"line":69,"column":60}},"7":{"start":{"line":70,"column":8},"end":{"line":70,"column":64}},"8":{"start":{"line":71,"column":8},"end":{"line":71,"column":64}},"9":{"start":{"line":72,"column":8},"end":{"line":72,"column":68}},"10":{"start":{"line":91,"column":8},"end":{"line":91,"column":77}},"11":{"start":{"line":92,"column":8},"end":{"line":92,"column":75}},"12":{"start":{"line":93,"column":8},"end":{"line":93,"column":89}},"13":{"start":{"line":100,"column":8},"end":{"line":100,"column":74}},"14":{"start":{"line":101,"column":8},"end":{"line":101,"column":63}},"15":{"start":{"line":105,"column":8},"end":{"line":105,"column":46}},"16":{"start":{"line":112,"column":8},"end":{"line":112,"column":77}},"17":{"start":{"line":113,"column":8},"end":{"line":113,"column":73}},"18":{"start":{"line":115,"column":8},"end":{"line":115,"column":71}},"19":{"start":{"line":116,"column":8},"end":{"line":116,"column":73}},"20":{"start":{"line":121,"column":8},"end":{"line":121,"column":74}},"21":{"start":{"line":122,"column":8},"end":{"line":122,"column":65}},"22":{"start":{"line":125,"column":8},"end":{"line":125,"column":4290}},"23":{"start":{"line":126,"column":12},"end":{"line":126,"column":98}},"24":{"start":{"line":127,"column":12},"end":{"line":127,"column":67}},"25":{"start":{"line":130,"column":8},"end":{"line":130,"column":87}},"26":{"start":{"line":137,"column":8},"end":{"line":137,"column":75}},"27":{"start":{"line":138,"column":8},"end":{"line":138,"column":76}},"28":{"start":{"line":139,"column":8},"end":{"line":139,"column":77}},"29":{"start":{"line":143,"column":8},"end":{"line":143,"column":71}},"30":{"start":{"line":150,"column":8},"end":{"line":150,"column":5245}},"31":{"start":{"line":153,"column":12},"end":{"line":153,"column":51}},"32":{"start":{"line":161,"column":8},"end":{"line":161,"column":26}},"33":{"start":{"line":168,"column":8},"end":{"line":168,"column":32}},"34":{"start":{"line":175,"column":8},"end":{"line":175,"column":5956}},"35":{"start":{"line":183,"column":8},"end":{"line":183,"column":15}},"36":{"start":{"line":190,"column":8},"end":{"line":190,"column":17}}},"branchMap":{"1":{"line":42,"type":"if","locations":[{"start":{"line":42,"column":8},"end":{"line":42,"column":8}},{"start":{"line":42,"column":8},"end":{"line":42,"column":8}}]},"2":{"line":47,"type":"if","locations":[{"start":{"line":47,"column":8},"end":{"line":47,"column":8}},{"start":{"line":47,"column":8},"end":{"line":47,"column":8}}]},"3":{"line":52,"type":"if","locations":[{"start":{"line":52,"column":8},"end":{"line":52,"column":8}},{"start":{"line":52,"column":8},"end":{"line":52,"column":8}}]},"4":{"line":57,"type":"if","locations":[{"start":{"line":57,"column":8},"end":{"line":57,"column":8}},{"start":{"line":57,"column":8},"end":{"line":57,"column":8}}]},"5":{"line":68,"type":"if","locations":[{"start":{"line":68,"column":8},"end":{"line":68,"column":8}},{"start":{"line":68,"column":8},"end":{"line":68,"column":8}}]},"6":{"line":69,"type":"if","locations":[{"start":{"line":69,"column":8},"end":{"line":69,"column":8}},{"start":{"line":69,"column":8},"end":{"line":69,"column":8}}]},"7":{"line":70,"type":"if","locations":[{"start":{"line":70,"column":8},"end":{"line":70,"column":8}},{"start":{"line":70,"column":8},"end":{"line":70,"column":8}}]},"8":{"line":71,"type":"if","locations":[{"start":{"line":71,"column":8},"end":{"line":71,"column":8}},{"start":{"line":71,"column":8},"end":{"line":71,"column":8}}]},"9":{"line":72,"type":"if","locations":[{"start":{"line":72,"column":8},"end":{"line":72,"column":8}},{"start":{"line":72,"column":8},"end":{"line":72,"column":8}}]},"10":{"line":90,"type":"if","locations":[{"start":{"line":90,"column":41},"end":{"line":90,"column":41}},{"start":{"line":90,"column":41},"end":{"line":90,"column":41}}]},"11":{"line":90,"type":"if","locations":[{"start":{"line":90,"column":54},"end":{"line":90,"column":54}},{"start":{"line":90,"column":54},"end":{"line":90,"column":54}}]},"12":{"line":91,"type":"if","locations":[{"start":{"line":91,"column":8},"end":{"line":91,"column":8}},{"start":{"line":91,"column":8},"end":{"line":91,"column":8}}]},"13":{"line":92,"type":"if","locations":[{"start":{"line":92,"column":8},"end":{"line":92,"column":8}},{"start":{"line":92,"column":8},"end":{"line":92,"column":8}}]},"14":{"line":93,"type":"if","locations":[{"start":{"line":93,"column":8},"end":{"line":93,"column":8}},{"start":{"line":93,"column":8},"end":{"line":93,"column":8}}]},"15":{"line":101,"type":"if","locations":[{"start":{"line":101,"column":8},"end":{"line":101,"column":8}},{"start":{"line":101,"column":8},"end":{"line":101,"column":8}}]},"16":{"line":111,"type":"if","locations":[{"start":{"line":111,"column":42},"end":{"line":111,"column":42}},{"start":{"line":111,"column":42},"end":{"line":111,"column":42}}]},"17":{"line":111,"type":"if","locations":[{"start":{"line":111,"column":55},"end":{"line":111,"column":55}},{"start":{"line":111,"column":55},"end":{"line":111,"column":55}}]},"18":{"line":111,"type":"if","locations":[{"start":{"line":111,"column":69},"end":{"line":111,"column":69}},{"start":{"line":111,"column":69},"end":{"line":111,"column":69}}]},"19":{"line":111,"type":"if","locations":[{"start":{"line":111,"column":80},"end":{"line":111,"column":80}},{"start":{"line":111,"column":80},"end":{"line":111,"column":80}}]},"20":{"line":112,"type":"if","locations":[{"start":{"line":112,"column":8},"end":{"line":112,"column":8}},{"start":{"line":112,"column":8},"end":{"line":112,"column":8}}]},"21":{"line":113,"type":"if","locations":[{"start":{"line":113,"column":8},"end":{"line":113,"column":8}},{"start":{"line":113,"column":8},"end":{"line":113,"column":8}}]},"22":{"line":116,"type":"if","locations":[{"start":{"line":116,"column":8},"end":{"line":116,"column":8}},{"start":{"line":116,"column":8},"end":{"line":116,"column":8}}]},"23":{"line":122,"type":"if","locations":[{"start":{"line":122,"column":8},"end":{"line":122,"column":8}},{"start":{"line":122,"column":8},"end":{"line":122,"column":8}}]},"24":{"line":125,"type":"if","locations":[{"start":{"line":125,"column":8},"end":{"line":125,"column":8}},{"start":{"line":125,"column":8},"end":{"line":125,"column":8}}]},"25":{"line":127,"type":"if","locations":[{"start":{"line":127,"column":12},"end":{"line":127,"column":12}},{"start":{"line":127,"column":12},"end":{"line":127,"column":12}}]},"26":{"line":136,"type":"if","locations":[{"start":{"line":136,"column":38},"end":{"line":136,"column":38}},{"start":{"line":136,"column":38},"end":{"line":136,"column":38}}]},"27":{"line":136,"type":"if","locations":[{"start":{"line":136,"column":51},"end":{"line":136,"column":51}},{"start":{"line":136,"column":51},"end":{"line":136,"column":51}}]},"28":{"line":137,"type":"if","locations":[{"start":{"line":137,"column":8},"end":{"line":137,"column":8}},{"start":{"line":137,"column":8},"end":{"line":137,"column":8}}]},"29":{"line":138,"type":"if","locations":[{"start":{"line":138,"column":8},"end":{"line":138,"column":8}},{"start":{"line":138,"column":8},"end":{"line":138,"column":8}}]},"30":{"line":139,"type":"if","locations":[{"start":{"line":139,"column":8},"end":{"line":139,"column":8}},{"start":{"line":139,"column":8},"end":{"line":139,"column":8}}]},"31":{"line":150,"type":"if","locations":[{"start":{"line":150,"column":8},"end":{"line":150,"column":8}},{"start":{"line":150,"column":8},"end":{"line":150,"column":8}}]},"32":{"line":182,"type":"if","locations":[{"start":{"line":182,"column":30},"end":{"line":182,"column":30}},{"start":{"line":182,"column":30},"end":{"line":182,"column":30}}]},"33":{"line":189,"type":"if","locations":[{"start":{"line":189,"column":32},"end":{"line":189,"column":32}},{"start":{"line":189,"column":32},"end":{"line":189,"column":32}}]}}},
"contracts\\LoanFactory.sol":{"l":{"39":5,"40":5,"58":68,"59":66,"60":65,"61":64,"62":63,"65":62,"73":62,"76":62,"77":62,"78":62,"80":62,"89":62,"97":4,"98":4,"100":4,"101":4,"104":4,"107":4,"108":4,"110":4,"118":1,"119":1,"121":1,"122":1,"125":1,"128":1,"129":1,"131":1,"138":36,"145":5,"152":4,"159":4,"168":4,"170":3,"171":3,"172":2,"175":3,"176":3,"177":3,"180":3,"187":3,"188":3,"190":3,"191":6,"192":6,"193":6,"195":6,"196":5,"197":5,"202":3,"203":3,"204":3,"207":3,"215":5,"216":5,"217":5,"218":5,"219":5,"224":5,"225":5,"226":5,"228":5,"230":5,"231":5,"232":5,"233":5,"234":5,"239":5,"240":5,"242":5,"243":0,"244":0,"245":0,"246":0,"251":5,"252":5,"259":2,"266":1,"273":1,"274":1},"path":"C:\\arnav\\projects\\MDM\\contracts\\LoanFactory.sol","s":{"1":5,"2":68,"3":66,"4":65,"5":64,"6":63,"7":62,"8":62,"9":62,"10":62,"11":62,"12":62,"13":4,"14":4,"15":4,"16":4,"17":4,"18":4,"19":4,"20":4,"21":1,"22":1,"23":1,"24":1,"25":1,"26":1,"27":1,"28":1,"29":36,"30":5,"31":4,"32":4,"33":4,"34":3,"35":3,"36":3,"37":3,"38":3,"39":3,"40":3,"41":3,"42":6,"43":6,"44":6,"45":6,"46":3,"47":3,"48":3,"49":5,"50":5,"51":5,"52":5,"53":5,"54":5,"55":5,"56":5,"57":5,"58":5,"59":5,"60":5,"61":5,"62":0,"63":0,"64":5,"65":2,"66":1,"67":1,"68":1},"b":{"1":[5,0],"2":[69,0],"3":[68,1],"4":[66,2],"5":[65,1],"6":[64,1],"7":[63,1],"8":[62,1],"9":[4,0],"10":[4,0],"11":[4,0],"12":[4,0],"13":[1,0],"14":[1,0],"15":[1,0],"16":[1,0],"17":[3,1],"18":[2,1],"19":[5,1],"20":[4,1],"21":[5,0],"22":[5,0],"23":[5,0],"24":[0,0],"25":[2,1],"26":[1,0],"27":[1,1],"28":[1,0]},"f":{"1":5,"2":57,"3":68,"4":4,"5":1,"6":36,"7":5,"8":4,"9":4,"10":4,"11":3,"12":5,"13":2,"14":1,"15":1},"fnMap":{"1":{"name":"onlyValidLoan","line":38,"loc":{"start":{"line":38,"column":4},"end":{"line":41,"column":4}}},"2":{"name":"constructor","line":43,"loc":{"start":{"line":43,"column":4},"end":{"line":43,"column":39}}},"3":{"name":"createLoan","line":57,"loc":{"start":{"line":52,"column":4},"end":{"line":90,"column":4}}},"4":{"name":"releaseCollateral","line":96,"loc":{"start":{"line":96,"column":4},"end":{"line":111,"column":4}}},"5":{"name":"liquidateCollateral","line":117,"loc":{"start":{"line":117,"column":4},"end":{"line":132,"column":4}}},"6":{"name":"getAllLoans","line":137,"loc":{"start":{"line":137,"column":4},"end":{"line":139,"column":4}}},"7":{"name":"getLoansByUser","line":144,"loc":{"start":{"line":144,"column":4},"end":{"line":146,"column":4}}},"8":{"name":"getTotalLoans","line":151,"loc":{"start":{"line":151,"column":4},"end":{"line":153,"column":4}}},"9":{"name":"getUserLoanCount","line":158,"loc":{"start":{"line":158,"column":4},"end":{"line":160,"column":4}}},"10":{"name":"getLoansPaginated","line":167,"loc":{"start":{"line":167,"column":4},"end":{"line":181,"column":4}}},"11":{"name":"getActiveLoans","line":186,"loc":{"start":{"line":186,"column":4},"end":{"line":208,"column":4}}},"12":{"name":"removeLoan","line":213,"loc":{"start":{"line":213,"column":4},"end":{"line":253,"column":4}}},"13":{"name":"pause","line":258,"loc":{"start":{"line":258,"column":4},"end":{"line":260,"column":4}}},"14":{"name":"unpause","line":265,"loc":{"start":{"line":265,"column":4},"end":{"line":267,"column":4}}},"15":{"name":"emergencyWithdraw","line":272,"loc":{"start":{"line":272,"column":4},"end":{"line":275,"column":4}}}},"statementMap":{"1":{"start":{"line":39,"column":8},"end":{"line":39,"column":53}},"2":{"start":{"line":58,"column":8},"end":{"line":58,"column":82}},"3":{"start":{"line":59,"column":8},"end":{"line":59,"column":60}},"4":{"start":{"line":60,"column":8},"end":{"line":60,"column":64}},"5":{"start":{"line":61,"column":8},"end":{"line":61,"column":64}},"6":{"start":{"line":62,"column":8},"end":{"line":62,"column":68}},"7":{"start":{"line":65,"column":8},"end":{"line":65,"column":2187}},"8":{"start":{"line":73,"column":8},"end":{"line":73,"column":46}},"9":{"start":{"line":76,"column":8},"end":{"line":76,"column":30}},"10":{"start":{"line":78,"column":8},"end":{"line":78,"column":46}},"11":{"start":{"line":80,"column":8},"end":{"line":80,"column":2588}},"12":{"start":{"line":89,"column":8},"end":{"line":89,"column":26}},"13":{"start":{"line":97,"column":8},"end":{"line":97,"column":47}},"14":{"start":{"line":98,"column":8},"end":{"line":98,"column":63}},"15":{"start":{"line":100,"column":8},"end":{"line":100,"column":77}},"16":{"start":{"line":101,"column":8},"end":{"line":101,"column":86}},"17":{"start":{"line":104,"column":8},"end":{"line":104,"column":31}},"18":{"start":{"line":107,"column":8},"end":{"line":107,"column":79}},"19":{"start":{"line":108,"column":8},"end":{"line":108,"column":68}},"20":{"start":{"line":110,"column":8},"end":{"line":110,"column":69}},"21":{"start":{"line":118,"column":8},"end":{"line":118,"column":47}},"22":{"start":{"line":119,"column":8},"end":{"line":119,"column":63}},"23":{"start":{"line":121,"column":8},"end":{"line":121,"column":83}},"24":{"start":{"line":122,"column":8},"end":{"line":122,"column":84}},"25":{"start":{"line":125,"column":8},"end":{"line":125,"column":31}},"26":{"start":{"line":128,"column":8},"end":{"line":128,"column":77}},"27":{"start":{"line":129,"column":8},"end":{"line":129,"column":66}},"28":{"start":{"line":131,"column":8},"end":{"line":131,"column":69}},"29":{"start":{"line":138,"column":8},"end":{"line":138,"column":20}},"30":{"start":{"line":145,"column":8},"end":{"line":145,"column":31}},"31":{"start":{"line":152,"column":8},"end":{"line":152,"column":27}},"32":{"start":{"line":159,"column":8},"end":{"line":159,"column":38}},"33":{"start":{"line":168,"column":8},"end":{"line":168,"column":66}},"34":{"start":{"line":170,"column":8},"end":{"line":170,"column":37}},"35":{"start":{"line":171,"column":8},"end":{"line":171,"column":5598}},"36":{"start":{"line":175,"column":8},"end":{"line":175,"column":61}},"37":{"start":{"line":176,"column":8},"end":{"line":176,"column":5751}},"38":{"start":{"line":180,"column":8},"end":{"line":180,"column":21}},"39":{"start":{"line":187,"column":8},"end":{"line":187,"column":66}},"40":{"start":{"line":188,"column":8},"end":{"line":188,"column":31}},"41":{"start":{"line":190,"column":8},"end":{"line":190,"column":6154}},"42":{"start":{"line":191,"column":12},"end":{"line":191,"column":42}},"43":{"start":{"line":192,"column":12},"end":{"line":192,"column":50}},"44":{"start":{"line":193,"column":12},"end":{"line":193,"column":54}},"45":{"start":{"line":195,"column":12},"end":{"line":195,"column":6385}},"46":{"start":{"line":202,"column":8},"end":{"line":202,"column":60}},"47":{"start":{"line":203,"column":8},"end":{"line":203,"column":6692}},"48":{"start":{"line":207,"column":8},"end":{"line":207,"column":21}},"49":{"start":{"line":215,"column":8},"end":{"line":215,"column":7012}},"50":{"start":{"line":216,"column":12},"end":{"line":216,"column":7074}},"51":{"start":{"line":218,"column":16},"end":{"line":218,"column":26}},"52":{"start":{"line":224,"column":8},"end":{"line":224,"column":40}},"53":{"start":{"line":225,"column":8},"end":{"line":225,"column":63}},"54":{"start":{"line":226,"column":8},"end":{"line":226,"column":43}},"55":{"start":{"line":228,"column":8},"end":{"line":228,"column":61}},"56":{"start":{"line":230,"column":8},"end":{"line":230,"column":7521}},"57":{"start":{"line":231,"column":12},"end":{"line":231,"column":7591}},"58":{"start":{"line":233,"column":16},"end":{"line":233,"column":34}},"59":{"start":{"line":239,"column":8},"end":{"line":239,"column":7851}},"60":{"start":{"line":240,"column":12},"end":{"line":240,"column":69}},"61":{"start":{"line":242,"column":12},"end":{"line":242,"column":7990}},"62":{"start":{"line":243,"column":16},"end":{"line":243,"column":8062}},"63":{"start":{"line":245,"column":20},"end":{"line":245,"column":36}},"64":{"start":{"line":252,"column":8},"end":{"line":252,"column":31}},"65":{"start":{"line":259,"column":8},"end":{"line":259,"column":15}},"66":{"start":{"line":266,"column":8},"end":{"line":266,"column":17}},"67":{"start":{"line":273,"column":8},"end":{"line":273,"column":73}},"68":{"start":{"line":274,"column":8},"end":{"line":274,"column":45}}},"branchMap":{"1":{"line":39,"type":"if","locations":[{"start":{"line":39,"column":8},"end":{"line":39,"column":8}},{"start":{"line":39,"column":8},"end":{"line":39,"column":8}}]},"2":{"line":57,"type":"if","locations":[{"start":{"line":57,"column":23},"end":{"line":57,"column":23}},{"start":{"line":57,"column":23},"end":{"line":57,"column":23}}]},"3":{"line":57,"type":"if","locations":[{"start":{"line":57,"column":36},"end":{"line":57,"column":36}},{"start":{"line":57,"column":36},"end":{"line":57,"column":36}}]},"4":{"line":58,"type":"if","locations":[{"start":{"line":58,"column":8},"end":{"line":58,"column":8}},{"start":{"line":58,"column":8},"end":{"line":58,"column":8}}]},"5":{"line":59,"type":"if","locations":[{"start":{"line":59,"column":8},"end":{"line":59,"column":8}},{"start":{"line":59,"column":8},"end":{"line":59,"column":8}}]},"6":{"line":60,"type":"if","locations":[{"start":{"line":60,"column":8},"end":{"line":60,"column":8}},{"start":{"line":60,"column":8},"end":{"line":60,"column":8}}]},"7":{"line":61,"type":"if","locations":[{"start":{"line":61,"column":8},"end":{"line":61,"column":8}},{"start":{"line":61,"column":8},"end":{"line":61,"column":8}}]},"8":{"line":62,"type":"if","locations":[{"start":{"line":62,"column":8},"end":{"line":62,"column":8}},{"start":{"line":62,"column":8},"end":{"line":62,"column":8}}]},"9":{"line":96,"type":"if","locations":[{"start":{"line":96,"column":62},"end":{"line":96,"column":62}},{"start":{"line":96,"column":62},"end":{"line":96,"column":62}}]},"10":{"line":100,"type":"if","locations":[{"start":{"line":100,"column":8},"end":{"line":100,"column":8}},{"start":{"line":100,"column":8},"end":{"line":100,"column":8}}]},"11":{"line":101,"type":"if","locations":[{"start":{"line":101,"column":8},"end":{"line":101,"column":8}},{"start":{"line":101,"column":8},"end":{"line":101,"column":8}}]},"12":{"line":108,"type":"if","locations":[{"start":{"line":108,"column":8},"end":{"line":108,"column":8}},{"start":{"line":108,"column":8},"end":{"line":108,"column":8}}]},"13":{"line":117,"type":"if","locations":[{"start":{"line":117,"column":64},"end":{"line":117,"column":64}},{"start":{"line":117,"column":64},"end":{"line":117,"column":64}}]},"14":{"line":121,"type":"if","locations":[{"start":{"line":121,"column":8},"end":{"line":121,"column":8}},{"start":{"line":121,"column":8},"end":{"line":121,"column":8}}]},"15":{"line":122,"type":"if","locations":[{"start":{"line":122,"column":8},"end":{"line":122,"column":8}},{"start":{"line":122,"column":8},"end":{"line":122,"column":8}}]},"16":{"line":129,"type":"if","locations":[{"start":{"line":129,"column":8},"end":{"line":129,"column":8}},{"start":{"line":129,"column":8},"end":{"line":129,"column":8}}]},"17":{"line":168,"type":"if","locations":[{"start":{"line":168,"column":8},"end":{"line":168,"column":8}},{"start":{"line":168,"column":8},"end":{"line":168,"column":8}}]},"18":{"line":171,"type":"if","locations":[{"start":{"line":171,"column":8},"end":{"line":171,"column":8}},{"start":{"line":171,"column":8},"end":{"line":171,"column":8}}]},"19":{"line":195,"type":"if","locations":[{"start":{"line":195,"column":12},"end":{"line":195,"column":12}},{"start":{"line":195,"column":12},"end":{"line":195,"column":12}}]},"20":{"line":195,"type":"cond-expr","locations":[{"start":{"line":195,"column":16},"end":{"line":195,"column":46}},{"start":{"line":195,"column":51},"end":{"line":195,"column":80}}]},"21":{"line":216,"type":"if","locations":[{"start":{"line":216,"column":12},"end":{"line":216,"column":12}},{"start":{"line":216,"column":12},"end":{"line":216,"column":12}}]},"22":{"line":231,"type":"if","locations":[{"start":{"line":231,"column":12},"end":{"line":231,"column":12}},{"start":{"line":231,"column":12},"end":{"line":231,"column":12}}]},"23":{"line":239,"type":"if","locations":[{"start":{"line":239,"column":8},"end":{"line":239,"column":8}},{"start":{"line":239,"column":8},"end":{"line":239,"column":8}}]},"24":{"line":243,"type":"if","locations":[{"start":{"line":243,"column":16},"end":{"line":243,"column":16}},{"start":{"line":243,"column":16},"end":{"line":243,"column":16}}]},"25":{"line":258,"type":"if","locations":[{"start":{"line":258,"column":30},"end":{"line":258,"column":30}},{"start":{"line":258,"column":30},"end":{"line":258,"column":30}}]},"26":{"line":265,"type":"if","locations":[{"start":{"line":265,"column":32},"end":{"line":265,"column":32}},{"start":{"line":265,"column":32},"end":{"line":265,"column":32}}]},"27":{"line":272,"type":"if","locations":[{"start":{"line":272,"column":42},"end":{"line":272,"column":42}},{"start":{"line":272,"column":42},"end":{"line":272,"column":42}}]},"28":{"line":274,"type":"if","locations":[{"start":{"line":274,"column":8},"end":{"line":274,"column":8}},{"start":{"line":274,"column":8},"end":{"line":274,"column":8}}]}}}}
