TN:
SF:C:\arnav\projects\MDM\contracts\Loan.sol
FN:41,onlyBorrower
FN:46,onlyLender
FN:51,loanActive
FN:56,loanNotRepaid
FN:67,constructor
FN:90,fundLoan
FN:111,repayLoan
FN:136,liquidateLoan
FN:149,checkDefault
FN:160,getLoanDetails
FN:167,getLoanState
FN:174,isOverdue
FN:182,pause
FN:189,unpause
FNF:14
FNH:12
FNDA:0,onlyBorrower
FNDA:0,onlyLender
FNDA:12,loanActive
FNDA:12,loanNotRepaid
FNDA:62,constructor
FNDA:29,fundLoan
FNDA:12,repayLoan
FNDA:6,liquidateLoan
FNDA:2,checkDefault
FNDA:19,getLoanDetails
FNDA:8,getLoanState
FNDA:2,isOverdue
FNDA:2,pause
FNDA:1,unpause
DA:42,0
DA:43,0
DA:47,0
DA:48,0
DA:52,12
DA:53,12
DA:57,12
DA:58,12
DA:68,62
DA:69,62
DA:70,62
DA:71,62
DA:72,62
DA:74,62
DA:91,29
DA:92,28
DA:93,27
DA:95,26
DA:96,26
DA:97,26
DA:100,26
DA:101,26
DA:105,26
DA:112,12
DA:113,11
DA:115,10
DA:116,10
DA:118,9
DA:121,9
DA:122,9
DA:125,9
DA:126,1
DA:127,1
DA:130,9
DA:137,6
DA:138,5
DA:139,4
DA:141,3
DA:143,3
DA:150,2
DA:152,1
DA:153,1
DA:161,19
DA:168,8
DA:175,2
DA:183,2
DA:190,1
LF:47
LH:43
BRDA:42,1,0,0
BRDA:42,1,1,0
BRDA:47,2,0,0
BRDA:47,2,1,0
BRDA:52,3,0,12
BRDA:52,3,1,0
BRDA:57,4,0,12
BRDA:57,4,1,0
BRDA:68,5,0,62
BRDA:68,5,1,0
BRDA:69,6,0,62
BRDA:69,6,1,0
BRDA:70,7,0,62
BRDA:70,7,1,0
BRDA:71,8,0,62
BRDA:71,8,1,0
BRDA:72,9,0,62
BRDA:72,9,1,0
BRDA:90,10,0,30
BRDA:90,10,1,0
BRDA:90,11,0,29
BRDA:90,11,1,1
BRDA:91,12,0,28
BRDA:91,12,1,1
BRDA:92,13,0,27
BRDA:92,13,1,1
BRDA:93,14,0,26
BRDA:93,14,1,1
BRDA:101,15,0,26
BRDA:101,15,1,0
BRDA:111,16,0,12
BRDA:111,16,1,0
BRDA:111,17,0,12
BRDA:111,17,1,0
BRDA:111,18,0,12
BRDA:111,18,1,0
BRDA:111,19,0,12
BRDA:111,19,1,0
BRDA:112,20,0,11
BRDA:112,20,1,1
BRDA:113,21,0,10
BRDA:113,21,1,1
BRDA:116,22,0,9
BRDA:116,22,1,1
BRDA:122,23,0,9
BRDA:122,23,1,0
BRDA:125,24,0,1
BRDA:125,24,1,8
BRDA:127,25,0,1
BRDA:127,25,1,0
BRDA:136,26,0,6
BRDA:136,26,1,0
BRDA:136,27,0,6
BRDA:136,27,1,0
BRDA:137,28,0,5
BRDA:137,28,1,1
BRDA:138,29,0,4
BRDA:138,29,1,1
BRDA:139,30,0,3
BRDA:139,30,1,1
BRDA:150,31,0,1
BRDA:150,31,1,1
BRDA:182,32,0,2
BRDA:182,32,1,1
BRDA:189,33,0,1
BRDA:189,33,1,0
BRF:66
BRH:44
end_of_record
TN:
SF:C:\arnav\projects\MDM\contracts\LoanFactory.sol
FN:38,onlyValidLoan
FN:43,constructor
FN:57,createLoan
FN:96,releaseCollateral
FN:117,liquidateCollateral
FN:137,getAllLoans
FN:144,getLoansByUser
FN:151,getTotalLoans
FN:158,getUserLoanCount
FN:167,getLoansPaginated
FN:186,getActiveLoans
FN:213,removeLoan
FN:258,pause
FN:265,unpause
FN:272,emergencyWithdraw
FNF:15
FNH:15
FNDA:5,onlyValidLoan
FNDA:57,constructor
FNDA:68,createLoan
FNDA:4,releaseCollateral
FNDA:1,liquidateCollateral
FNDA:36,getAllLoans
FNDA:5,getLoansByUser
FNDA:4,getTotalLoans
FNDA:4,getUserLoanCount
FNDA:4,getLoansPaginated
FNDA:3,getActiveLoans
FNDA:5,removeLoan
FNDA:2,pause
FNDA:1,unpause
FNDA:1,emergencyWithdraw
DA:39,5
DA:40,5
DA:58,68
DA:59,66
DA:60,65
DA:61,64
DA:62,63
DA:65,62
DA:73,62
DA:76,62
DA:77,62
DA:78,62
DA:80,62
DA:89,62
DA:97,4
DA:98,4
DA:100,4
DA:101,4
DA:104,4
DA:107,4
DA:108,4
DA:110,4
DA:118,1
DA:119,1
DA:121,1
DA:122,1
DA:125,1
DA:128,1
DA:129,1
DA:131,1
DA:138,36
DA:145,5
DA:152,4
DA:159,4
DA:168,4
DA:170,3
DA:171,3
DA:172,2
DA:175,3
DA:176,3
DA:177,3
DA:180,3
DA:187,3
DA:188,3
DA:190,3
DA:191,6
DA:192,6
DA:193,6
DA:195,6
DA:196,5
DA:197,5
DA:202,3
DA:203,3
DA:204,3
DA:207,3
DA:215,5
DA:216,5
DA:217,5
DA:218,5
DA:219,5
DA:224,5
DA:225,5
DA:226,5
DA:228,5
DA:230,5
DA:231,5
DA:232,5
DA:233,5
DA:234,5
DA:239,5
DA:240,5
DA:242,5
DA:243,0
DA:244,0
DA:245,0
DA:246,0
DA:251,5
DA:252,5
DA:259,2
DA:266,1
DA:273,1
DA:274,1
LF:82
LH:78
BRDA:39,1,0,5
BRDA:39,1,1,0
BRDA:57,2,0,69
BRDA:57,2,1,0
BRDA:57,3,0,68
BRDA:57,3,1,1
BRDA:58,4,0,66
BRDA:58,4,1,2
BRDA:59,5,0,65
BRDA:59,5,1,1
BRDA:60,6,0,64
BRDA:60,6,1,1
BRDA:61,7,0,63
BRDA:61,7,1,1
BRDA:62,8,0,62
BRDA:62,8,1,1
BRDA:96,9,0,4
BRDA:96,9,1,0
BRDA:100,10,0,4
BRDA:100,10,1,0
BRDA:101,11,0,4
BRDA:101,11,1,0
BRDA:108,12,0,4
BRDA:108,12,1,0
BRDA:117,13,0,1
BRDA:117,13,1,0
BRDA:121,14,0,1
BRDA:121,14,1,0
BRDA:122,15,0,1
BRDA:122,15,1,0
BRDA:129,16,0,1
BRDA:129,16,1,0
BRDA:168,17,0,3
BRDA:168,17,1,1
BRDA:171,18,0,2
BRDA:171,18,1,1
BRDA:195,19,0,5
BRDA:195,19,1,1
BRDA:195,20,0,4
BRDA:195,20,1,1
BRDA:216,21,0,5
BRDA:216,21,1,0
BRDA:231,22,0,5
BRDA:231,22,1,0
BRDA:239,23,0,5
BRDA:239,23,1,0
BRDA:243,24,0,0
BRDA:243,24,1,0
BRDA:258,25,0,2
BRDA:258,25,1,1
BRDA:265,26,0,1
BRDA:265,26,1,0
BRDA:272,27,0,1
BRDA:272,27,1,1
BRDA:274,28,0,1
BRDA:274,28,1,0
BRF:56
BRH:39
end_of_record
